<?xml version="1.0" encoding="UTF-8"?>
<!-- Generated by org.testng.reporters.JUnitXMLReporter -->
<testsuite hostname="5CD138MBFF" ignored="0" name="Default test" tests="9" failures="0" timestamp="2022-01-20T16:46:32 IST" time="141.275" errors="0">
  <testcase name="test1" time="9.648" classname="Selenium.Automationtesting.TestingSample"/>
  <testcase name="test6" time="3.331" classname="Selenium.Automationtesting.TestingSample"/>
  <testcase name="test2" time="18.669" classname="Selenium.Automationtesting.TestingSample"/>
  <testcase name="test3" time="19.434" classname="Selenium.Automationtesting.TestingSample"/>
  <testcase name="test4" time="16.015" classname="Selenium.Automationtesting.TestingSample"/>
  <testcase name="test5" time="29.072" classname="Selenium.Automationtesting.TestingSample"/>
  <testcase name="test7" time="12.186" classname="Selenium.Automationtesting.TestingSample"/>
  <testcase name="test8" time="18.135" classname="Selenium.Automationtesting.TestingSample"/>
  <testcase name="test9" time="8.631" classname="Selenium.Automationtesting.TestingSample"/>
</testsuite> <!-- Default test -->
